# JRE version: OpenJDK Runtime Environment Temurin-17+35 (17.0+35) (build 17+35)
# Java VM: OpenJDK 64-Bit Server VM Temurin-17+35 (17+35, mixed mode, tiered, compressed oops, compressed class ptrs, g1 gc, windows-amd64)
GC Precious Log:
 CPUs: 8 total, 8 available
 Memory: 16315M
 Large Page Support: Disabled
 NUMA Support: Disabled
 Compressed Oops: Enabled (Zero based)
 Heap Region Size: 2M
 Heap Min Capacity: 8M
 Heap Initial Capacity: 256M
 Heap Max Capacity: 4080M
 Pre-touch: Disabled
 Parallel Workers: 8
 Concurrent Workers: 2
 Concurrent Refinement Workers: 8
 Periodic GC: Disabled
Heap:
 garbage-first heap   total 262144K, used 27840K [0x0000000701000000, 0x0000000800000000)
  region size 2048K, 15 young (30720K), 2 survivors (4096K)
 Metaspace       used 18790K, committed 19008K, reserved 1073152K
  class space    used 1899K, committed 1984K, reserved 1048576K
GC Heap History (12 events):
Event: 0.877 GC heap before
{Heap before GC invocations=0 (full 0):
 garbage-first heap   total 262144K, used 55296K [0x0000000701000000, 0x0000000800000000)
  region size 2048K, 11 young (22528K), 0 survivors (0K)
 Metaspace       used 17835K, committed 18048K, reserved 1064960K
  class space    used 1842K, committed 1920K, reserved 1048576K
}
Event: 0.879 GC heap after
{Heap after GC invocations=1 (full 0):
 garbage-first heap   total 262144K, used 21205K [0x0000000701000000, 0x0000000800000000)
  region size 2048K, 2 young (4096K), 2 survivors (4096K)
 Metaspace       used 17835K, committed 18048K, reserved 1064960K
  class space    used 1842K, committed 1920K, reserved 1048576K
}
Event: 2.416 GC heap before
{Heap before GC invocations=1 (full 0):
 garbage-first heap   total 262144K, used 66261K [0x0000000701000000, 0x0000000800000000)
  region size 2048K, 18 young (36864K), 2 survivors (4096K)
 Metaspace       used 18257K, committed 18496K, reserved 1073152K
  class space    used 1893K, committed 1984K, reserved 1048576K
}
Event: 2.418 GC heap after
{Heap after GC invocations=2 (full 0):
 garbage-first heap   total 262144K, used 2990K [0x0000000701000000, 0x0000000800000000)
  region size 2048K, 2 young (4096K), 2 survivors (4096K)
 Metaspace       used 18257K, committed 18496K, reserved 1073152K
  class space    used 1893K, committed 1984K, reserved 1048576K
}
Event: 11.468 GC heap before
{Heap before GC invocations=2 (full 0):
 garbage-first heap   total 262144K, used 152494K [0x0000000701000000, 0x0000000800000000)
  region size 2048K, 76 young (155648K), 2 survivors (4096K)
 Metaspace       used 18567K, committed 18752K, reserved 1073152K
  class space    used 1897K, committed 1984K, reserved 1048576K
}
Event: 11.470 GC heap after
{Heap after GC invocations=3 (full 0):
 garbage-first heap   total 262144K, used 3400K [0x0000000701000000, 0x0000000800000000)
  region size 2048K, 2 young (4096K), 2 survivors (4096K)
 Metaspace       used 18567K, committed 18752K, reserved 1073152K
  class space    used 1897K, committed 1984K, reserved 1048576K
}
Event: 19.102 GC heap before
{Heap before GC invocations=3 (full 0):
 garbage-first heap   total 262144K, used 152904K [0x0000000701000000, 0x0000000800000000)
  region size 2048K, 76 young (155648K), 2 survivors (4096K)
 Metaspace       used 18717K, committed 18944K, reserved 1073152K
  class space    used 1897K, committed 1984K, reserved 1048576K
}
Event: 19.104 GC heap after
{Heap after GC invocations=4 (full 0):
 garbage-first heap   total 262144K, used 3110K [0x0000000701000000, 0x0000000800000000)
  region size 2048K, 2 young (4096K), 2 survivors (4096K)
 Metaspace       used 18717K, committed 18944K, reserved 1073152K
  class space    used 1897K, committed 1984K, reserved 1048576K
}
Event: 25.269 GC heap before
{Heap before GC invocations=4 (full 0):
 garbage-first heap   total 262144K, used 154662K [0x0000000701000000, 0x0000000800000000)
  region size 2048K, 76 young (155648K), 2 survivors (4096K)
 Metaspace       used 18748K, committed 18944K, reserved 1073152K
  class space    used 1897K, committed 1984K, reserved 1048576K
}
Event: 25.271 GC heap after
{Heap after GC invocations=5 (full 0):
 garbage-first heap   total 262144K, used 3157K [0x0000000701000000, 0x0000000800000000)
  region size 2048K, 2 young (4096K), 2 survivors (4096K)
 Metaspace       used 18748K, committed 18944K, reserved 1073152K
  class space    used 1897K, committed 1984K, reserved 1048576K
}
Event: 30.618 GC heap before
{Heap before GC invocations=5 (full 0):
 garbage-first heap   total 262144K, used 154709K [0x0000000701000000, 0x0000000800000000)
  region size 2048K, 76 young (155648K), 2 survivors (4096K)
 Metaspace       used 18780K, committed 19008K, reserved 1073152K
  class space    used 1897K, committed 1984K, reserved 1048576K
}
Event: 30.620 GC heap after
{Heap after GC invocations=6 (full 0):
 garbage-first heap   total 262144K, used 3264K [0x0000000701000000, 0x0000000800000000)
  region size 2048K, 2 young (4096K), 2 survivors (4096K)
 Metaspace       used 18780K, committed 19008K, reserved 1073152K
  class space    used 1897K, committed 1984K, reserved 1048576K
}

